<?xml version="1.0" encoding="UTF-8"?>
<!-- Generated by org.testng.reporters.JUnitReportReporter -->
<testsuite hostname="AKSHAY" failures="0" tests="1" name="test.LoginPageTest" time="27.809" errors="0" timestamp="2022-08-30T13:10:39 IST" skipped="0">
  <testcase classname="test.LoginPageTest" name="ZerodhaLoginTest" time="27.809"/>
  <system-out/>
</testsuite> <!-- test.LoginPageTest -->
