<?xml version="1.0" encoding="UTF-8"?>
<!-- Generated by org.testng.reporters.JUnitReportReporter -->
<testsuite hostname="AKSHAY" failures="0" tests="2" name="test.HomePageTest" time="98.043" errors="0" timestamp="2022-08-27T18:32:43 IST" skipped="0">
  <testcase classname="test.HomePageTest" name="searchStock" time="23.225"/>
  <system-out/>
  <testcase classname="test.HomePageTest" name="searchStockAndClickOnBuy" time="74.818"/>
  <system-out/>
</testsuite> <!-- test.HomePageTest -->
