<?xml version="1.0" encoding="UTF-8"?>
<!-- Generated by org.testng.reporters.JUnitReportReporter -->
<testsuite hostname="AKSHAY" failures="0" tests="1" name="test.ForgotPageTest" time="9.626" errors="0" timestamp="2022-08-16T14:31:27 IST" skipped="0">
  <testcase classname="test.ForgotPageTest" name="zerodhaForgotTest" time="9.626"/>
  <system-out/>
</testsuite> <!-- test.ForgotPageTest -->
